<?xml version="1.0" encoding="UTF-8"?>
<!-- Generated by org.testng.reporters.JUnitReportReporter -->
<testsuite skipped="0" hostname="DESKTOP-3SL4LUB" name="testcases.LoginTest" tests="1" failures="0" timestamp="08 Sep 2018 08:23:14 GMT" time="23.342" errors="0">
  <testcase name="doLogin" time="23.342" classname="testcases.LoginTest"/>
</testsuite> <!-- testcases.LoginTest -->
