<?xml version="1.0" encoding="UTF-8"?>
<!-- Generated by org.testng.reporters.JUnitReportReporter -->
<testsuite hostname="Selenium-W2A" name="com.w2a.facebook.testcases.UploadPicTest" tests="1" failures="0" timestamp="3 May 2014 17:03:41 GMT" time="0.366" errors="0">
  <testcase name="uploadMyPic" time="0.366" classname="com.w2a.facebook.testcases.UploadPicTest"/>
</testsuite> <!-- com.w2a.facebook.testcases.UploadPicTest -->
